<?xml version="1.0" encoding="UTF-8"?>
<!-- Generated by org.testng.reporters.JUnitXMLReporter -->
<testsuite ignored="2" hostname="ANSH-OFFC" failures="0" tests="6" name="Test" time="18.251" errors="0" timestamp="2023-06-11T18:12:07 IST">
  <testcase classname="anshFramework.tests.Submitorder" name="loginTest" time="2.96"/>
  <testcase classname="anshFramework.tests.Submitorder" name="addToCart" time="3.244"/>
  <testcase classname="anshFramework.tests.Submitorder" name="verifyProductInCart" time="0.504"/>
  <testcase classname="anshFramework.tests.Submitorder" name="proceedToCheckout" time="3.535"/>
  <testcase classname="anshFramework.tests.Verifyorder" name="login" time="1.667"/>
  <testcase classname="anshFramework.tests.Verifyorder" name="verifyOrder" time="0.852"/>
  <testcase classname="anshFramework.testsComponent.Baseconfigurationclass" name="@BeforeSuite initialize" time="0.0">
    <ignored/>
  </testcase> <!-- @BeforeSuite initialize -->
  <testcase classname="anshFramework.testsComponent.Baseconfigurationclass" name="@AfterSuite flush" time="0.0">
    <ignored/>
  </testcase> <!-- @AfterSuite flush -->
</testsuite> <!-- Test -->
