<?xml version="1.0" encoding="UTF-8"?>
<testng-results ignored="2" total="8" passed="6" failed="0" skipped="0">
  <reporter-output>
  </reporter-output>
  <suite started-at="2023-06-11T18:11:49 IST" name="Suite" finished-at="2023-06-11T18:12:07 IST" duration-ms="18251">
    <groups>
    </groups>
    <test started-at="2023-06-11T18:11:49 IST" name="Test" finished-at="2023-06-11T18:12:07 IST" duration-ms="18251">
      <class name="anshFramework.tests.Verifyorder">
        <test-method is-config="true" signature="initializeBrowser()[pri:0, instance:anshFramework.tests.Verifyorder@663c9e7a]" started-at="2023-06-11T18:12:03 IST" name="initializeBrowser" finished-at="2023-06-11T18:12:05 IST" duration-ms="1650" status="PASS">
          <reporter-output>
          </reporter-output>
        </test-method> <!-- initializeBrowser -->
        <test-method signature="login()[pri:-1, instance:anshFramework.tests.Verifyorder@663c9e7a]" started-at="2023-06-11T18:12:05 IST" name="login" finished-at="2023-06-11T18:12:06 IST" duration-ms="1667" status="PASS">
          <reporter-output>
          </reporter-output>
        </test-method> <!-- login -->
        <test-method signature="verifyOrder()[pri:0, instance:anshFramework.tests.Verifyorder@663c9e7a]" started-at="2023-06-11T18:12:06 IST" name="verifyOrder" finished-at="2023-06-11T18:12:07 IST" duration-ms="852" status="PASS">
          <reporter-output>
          </reporter-output>
        </test-method> <!-- verifyOrder -->
        <test-method is-config="true" signature="quitDriver()[pri:0, instance:anshFramework.tests.Verifyorder@663c9e7a]" started-at="2023-06-11T18:12:07 IST" name="quitDriver" finished-at="2023-06-11T18:12:07 IST" duration-ms="195" status="PASS">
          <reporter-output>
          </reporter-output>
        </test-method> <!-- quitDriver -->
      </class> <!-- anshFramework.tests.Verifyorder -->
      <class name="anshFramework.tests.Submitorder">
        <test-method is-config="true" signature="initialize()[pri:0, instance:anshFramework.tests.Submitorder@235ecd9f]" started-at="2023-06-11T18:11:49 IST" name="initialize" finished-at="2023-06-11T18:11:49 IST" duration-ms="470" status="PASS">
          <reporter-output>
          </reporter-output>
        </test-method> <!-- initialize -->
        <test-method is-config="true" signature="initializeBrowser()[pri:0, instance:anshFramework.tests.Submitorder@235ecd9f]" started-at="2023-06-11T18:11:49 IST" name="initializeBrowser" finished-at="2023-06-11T18:11:52 IST" duration-ms="3362" status="PASS">
          <reporter-output>
          </reporter-output>
        </test-method> <!-- initializeBrowser -->
        <test-method signature="loginTest()[pri:0, instance:anshFramework.tests.Submitorder@235ecd9f]" started-at="2023-06-11T18:11:52 IST" name="loginTest" finished-at="2023-06-11T18:11:55 IST" duration-ms="2960" status="PASS">
          <reporter-output>
          </reporter-output>
        </test-method> <!-- loginTest -->
        <test-method signature="addToCart()[pri:0, instance:anshFramework.tests.Submitorder@235ecd9f]" started-at="2023-06-11T18:11:55 IST" name="addToCart" finished-at="2023-06-11T18:11:59 IST" depends-on-methods="anshFramework.tests.Submitorder.loginTest" duration-ms="3244" status="PASS">
          <reporter-output>
          </reporter-output>
        </test-method> <!-- addToCart -->
        <test-method signature="verifyProductInCart()[pri:0, instance:anshFramework.tests.Submitorder@235ecd9f]" started-at="2023-06-11T18:11:59 IST" name="verifyProductInCart" finished-at="2023-06-11T18:11:59 IST" depends-on-methods="anshFramework.tests.Submitorder.addToCart" duration-ms="504" status="PASS">
          <reporter-output>
          </reporter-output>
        </test-method> <!-- verifyProductInCart -->
        <test-method signature="proceedToCheckout()[pri:0, instance:anshFramework.tests.Submitorder@235ecd9f]" started-at="2023-06-11T18:11:59 IST" name="proceedToCheckout" finished-at="2023-06-11T18:12:03 IST" depends-on-methods="anshFramework.tests.Submitorder.verifyProductInCart" duration-ms="3535" status="PASS">
          <reporter-output>
          </reporter-output>
        </test-method> <!-- proceedToCheckout -->
        <test-method is-config="true" signature="quitDriver()[pri:0, instance:anshFramework.tests.Submitorder@235ecd9f]" started-at="2023-06-11T18:12:03 IST" name="quitDriver" finished-at="2023-06-11T18:12:03 IST" duration-ms="228" status="PASS">
          <reporter-output>
          </reporter-output>
        </test-method> <!-- quitDriver -->
        <test-method is-config="true" signature="flush()[pri:0, instance:anshFramework.tests.Submitorder@235ecd9f]" started-at="2023-06-11T18:12:07 IST" name="flush" finished-at="2023-06-11T18:12:08 IST" duration-ms="384" status="PASS">
          <reporter-output>
          </reporter-output>
        </test-method> <!-- flush -->
      </class> <!-- anshFramework.tests.Submitorder -->
    </test> <!-- Test -->
  </suite> <!-- Suite -->
</testng-results>
